<?xml version="1.0" encoding="UTF-8"?>
<coverage generated="1657258480914" clover="3.2.0">
  <project timestamp="1657258480914" name="All files">
    <metrics statements="33" coveredstatements="30" conditionals="53" coveredconditionals="31" methods="12" coveredmethods="8" elements="98" coveredelements="69" complexity="0" loc="33" ncloc="33" packages="3" files="3" classes="3"/>
    <package name="dist">
      <metrics statements="9" coveredstatements="7" conditionals="36" coveredconditionals="15" methods="2" coveredmethods="0"/>
      <file name="env.js" path="/home/matt/dev/web/ttt/backend/dist/env.js">
        <metrics statements="9" coveredstatements="7" conditionals="36" coveredconditionals="15" methods="2" coveredmethods="0"/>
        <line num="2" count="2" type="stmt"/>
        <line num="3" count="2" type="stmt"/>
        <line num="4" count="2" type="stmt"/>
        <line num="5" count="2" type="cond" truecount="1" falsecount="1"/>
        <line num="6" count="2" type="cond" truecount="1" falsecount="1"/>
        <line num="7" count="2" type="stmt"/>
        <line num="18" count="0" type="stmt"/>
        <line num="34" count="0" type="cond" truecount="0" falsecount="2"/>
        <line num="38" count="2" type="stmt"/>
      </file>
    </package>
    <package name="dist.db">
      <metrics statements="20" coveredstatements="19" conditionals="17" coveredconditionals="16" methods="10" coveredmethods="8"/>
      <file name="db.js" path="/home/matt/dev/web/ttt/backend/dist/db/db.js">
        <metrics statements="20" coveredstatements="19" conditionals="17" coveredconditionals="16" methods="10" coveredmethods="8"/>
        <line num="2" count="2" type="cond" truecount="3" falsecount="0"/>
        <line num="3" count="4" type="cond" truecount="1" falsecount="1"/>
        <line num="4" count="4" type="cond" truecount="2" falsecount="0"/>
        <line num="5" count="4" type="stmt"/>
        <line num="6" count="0" type="stmt"/>
        <line num="7" count="8" type="cond" truecount="2" falsecount="0"/>
        <line num="8" count="4" type="cond" truecount="2" falsecount="0"/>
        <line num="11" count="2" type="stmt"/>
        <line num="12" count="2" type="stmt"/>
        <line num="13" count="2" type="stmt"/>
        <line num="14" count="2" type="stmt"/>
        <line num="15" count="2" type="stmt"/>
        <line num="23" count="4" type="stmt"/>
        <line num="24" count="4" type="cond" truecount="2" falsecount="0"/>
        <line num="25" count="2" type="stmt"/>
        <line num="26" count="4" type="cond" truecount="2" falsecount="0"/>
        <line num="27" count="2" type="stmt"/>
        <line num="28" count="4" type="stmt"/>
        <line num="30" count="4" type="cond" truecount="2" falsecount="0"/>
        <line num="33" count="2" type="stmt"/>
      </file>
    </package>
    <package name="dist.db.sql">
      <metrics statements="4" coveredstatements="4" conditionals="0" coveredconditionals="0" methods="0" coveredmethods="0"/>
      <file name="users.sql.js" path="/home/matt/dev/web/ttt/backend/dist/db/sql/users.sql.js">
        <metrics statements="4" coveredstatements="4" conditionals="0" coveredconditionals="0" methods="0" coveredmethods="0"/>
        <line num="2" count="2" type="stmt"/>
        <line num="3" count="2" type="stmt"/>
        <line num="4" count="2" type="stmt"/>
        <line num="7" count="2" type="stmt"/>
      </file>
    </package>
  </project>
</coverage>
