{"/home/matt/dev/web/ttt/backend/dist/env.js": {"path":"/home/matt/dev/web/ttt/backend/dist/env.js","statementMap":{"0":{"start":{"line":2,"column":0},"end":{"line":2,"column":62}},"1":{"start":{"line":3,"column":0},"end":{"line":3,"column":49}},"2":{"start":{"line":4,"column":16},"end":{"line":4,"column":23}},"3":{"start":{"line":5,"column":0},"end":{"line":5,"column":54}},"4":{"start":{"line":6,"column":0},"end":{"line":6,"column":43}},"5":{"start":{"line":7,"column":0},"end":{"line":37,"column":2}},"6":{"start":{"line":18,"column":12},"end":{"line":18,"column":55}},"7":{"start":{"line":34,"column":12},"end":{"line":34,"column":63}},"8":{"start":{"line":38,"column":0},"end":{"line":51,"column":2}}},"fnMap":{"0":{"name":"(anonymous_0)","decl":{"start":{"line":17,"column":8},"end":{"line":17,"column":9}},"loc":{"start":{"line":17,"column":18},"end":{"line":19,"column":9}},"line":17},"1":{"name":"(anonymous_1)","decl":{"start":{"line":33,"column":8},"end":{"line":33,"column":9}},"loc":{"start":{"line":33,"column":20},"end":{"line":35,"column":9}},"line":33}},"branchMap":{"0":{"loc":{"start":{"line":5,"column":15},"end":{"line":5,"column":53}},"type":"cond-expr","locations":[{"start":{"line":5,"column":41},"end":{"line":5,"column":45}},{"start":{"line":5,"column":48},"end":{"line":5,"column":53}}],"line":5},"1":{"loc":{"start":{"line":6,"column":12},"end":{"line":6,"column":41}},"type":"cond-expr","locations":[{"start":{"line":6,"column":27},"end":{"line":6,"column":33}},{"start":{"line":6,"column":36},"end":{"line":6,"column":41}}],"line":6},"2":{"loc":{"start":{"line":10,"column":14},"end":{"line":10,"column":41}},"type":"cond-expr","locations":[{"start":{"line":10,"column":25},"end":{"line":10,"column":34}},{"start":{"line":10,"column":37},"end":{"line":10,"column":41}}],"line":10},"3":{"loc":{"start":{"line":11,"column":14},"end":{"line":11,"column":63}},"type":"cond-expr","locations":[{"start":{"line":11,"column":29},"end":{"line":11,"column":41}},{"start":{"line":11,"column":44},"end":{"line":11,"column":63}}],"line":11},"4":{"loc":{"start":{"line":14,"column":14},"end":{"line":14,"column":57}},"type":"cond-expr","locations":[{"start":{"line":14,"column":29},"end":{"line":14,"column":43}},{"start":{"line":14,"column":46},"end":{"line":14,"column":57}}],"line":14},"5":{"loc":{"start":{"line":15,"column":14},"end":{"line":15,"column":51}},"type":"cond-expr","locations":[{"start":{"line":15,"column":29},"end":{"line":15,"column":44}},{"start":{"line":15,"column":47},"end":{"line":15,"column":51}}],"line":15},"6":{"loc":{"start":{"line":16,"column":18},"end":{"line":16,"column":57}},"type":"cond-expr","locations":[{"start":{"line":16,"column":33},"end":{"line":16,"column":45}},{"start":{"line":16,"column":48},"end":{"line":16,"column":57}}],"line":16},"7":{"loc":{"start":{"line":34,"column":19},"end":{"line":34,"column":62}},"type":"cond-expr","locations":[{"start":{"line":34,"column":34},"end":{"line":34,"column":47}},{"start":{"line":34,"column":50},"end":{"line":34,"column":62}}],"line":34},"8":{"loc":{"start":{"line":39,"column":10},"end":{"line":39,"column":55}},"type":"cond-expr","locations":[{"start":{"line":39,"column":25},"end":{"line":39,"column":41}},{"start":{"line":39,"column":44},"end":{"line":39,"column":55}}],"line":39},"9":{"loc":{"start":{"line":40,"column":14},"end":{"line":40,"column":57}},"type":"cond-expr","locations":[{"start":{"line":40,"column":29},"end":{"line":40,"column":49}},{"start":{"line":40,"column":52},"end":{"line":40,"column":57}}],"line":40},"10":{"loc":{"start":{"line":41,"column":14},"end":{"line":41,"column":62}},"type":"cond-expr","locations":[{"start":{"line":41,"column":29},"end":{"line":41,"column":49}},{"start":{"line":41,"column":52},"end":{"line":41,"column":62}}],"line":41},"11":{"loc":{"start":{"line":42,"column":14},"end":{"line":42,"column":62}},"type":"cond-expr","locations":[{"start":{"line":42,"column":29},"end":{"line":42,"column":49}},{"start":{"line":42,"column":52},"end":{"line":42,"column":62}}],"line":42},"12":{"loc":{"start":{"line":43,"column":10},"end":{"line":43,"column":49}},"type":"cond-expr","locations":[{"start":{"line":43,"column":25},"end":{"line":43,"column":42}},{"start":{"line":43,"column":45},"end":{"line":43,"column":49}}],"line":43},"13":{"loc":{"start":{"line":44,"column":10},"end":{"line":44,"column":60}},"type":"cond-expr","locations":[{"start":{"line":44,"column":25},"end":{"line":44,"column":47}},{"start":{"line":44,"column":50},"end":{"line":44,"column":60}}],"line":44},"14":{"loc":{"start":{"line":45,"column":17},"end":{"line":49,"column":14}},"type":"cond-expr","locations":[{"start":{"line":46,"column":10},"end":{"line":48,"column":19}},{"start":{"line":49,"column":10},"end":{"line":49,"column":14}}],"line":45},"15":{"loc":{"start":{"line":46,"column":10},"end":{"line":48,"column":19}},"type":"cond-expr","locations":[{"start":{"line":47,"column":14},"end":{"line":47,"column":18}},{"start":{"line":48,"column":14},"end":{"line":48,"column":19}}],"line":46},"16":{"loc":{"start":{"line":50,"column":13},"end":{"line":50,"column":82}},"type":"cond-expr","locations":[{"start":{"line":50,"column":29},"end":{"line":50,"column":74}},{"start":{"line":50,"column":78},"end":{"line":50,"column":82}}],"line":50},"17":{"loc":{"start":{"line":50,"column":29},"end":{"line":50,"column":74}},"type":"cond-expr","locations":[{"start":{"line":50,"column":62},"end":{"line":50,"column":66}},{"start":{"line":50,"column":69},"end":{"line":50,"column":74}}],"line":50}},"s":{"0":2,"1":2,"2":2,"3":2,"4":2,"5":2,"6":0,"7":0,"8":2},"f":{"0":0,"1":0},"b":{"0":[0,2],"1":[0,2],"2":[2,0],"3":[0,2],"4":[0,2],"5":[0,2],"6":[0,2],"7":[0,0],"8":[0,2],"9":[0,2],"10":[0,2],"11":[0,2],"12":[0,2],"13":[0,2],"14":[0,2],"15":[0,0],"16":[0,2],"17":[0,0]},"inputSourceMap":null,"_coverageSchema":"1a1c01bbd47fc00a2c39e90264f33305004495a9","hash":"2b09b59e5d8a5d7f4fd5eb9c259c100711985ea3"}
,"/home/matt/dev/web/ttt/backend/dist/db/db.js": {"path":"/home/matt/dev/web/ttt/backend/dist/db/db.js","statementMap":{"0":{"start":{"line":2,"column":16},"end":{"line":10,"column":1}},"1":{"start":{"line":3,"column":28},"end":{"line":3,"column":110}},"2":{"start":{"line":3,"column":91},"end":{"line":3,"column":106}},"3":{"start":{"line":4,"column":4},"end":{"line":9,"column":7}},"4":{"start":{"line":5,"column":36},"end":{"line":5,"column":97}},"5":{"start":{"line":5,"column":42},"end":{"line":5,"column":70}},"6":{"start":{"line":5,"column":85},"end":{"line":5,"column":95}},"7":{"start":{"line":6,"column":35},"end":{"line":6,"column":100}},"8":{"start":{"line":6,"column":41},"end":{"line":6,"column":73}},"9":{"start":{"line":6,"column":88},"end":{"line":6,"column":98}},"10":{"start":{"line":7,"column":32},"end":{"line":7,"column":116}},"11":{"start":{"line":8,"column":8},"end":{"line":8,"column":78}},"12":{"start":{"line":11,"column":0},"end":{"line":11,"column":62}},"13":{"start":{"line":12,"column":0},"end":{"line":12,"column":21}},"14":{"start":{"line":13,"column":13},"end":{"line":13,"column":26}},"15":{"start":{"line":14,"column":14},"end":{"line":14,"column":32}},"16":{"start":{"line":15,"column":11},"end":{"line":21,"column":2}},"17":{"start":{"line":23,"column":4},"end":{"line":31,"column":7}},"18":{"start":{"line":24,"column":8},"end":{"line":25,"column":30}},"19":{"start":{"line":25,"column":12},"end":{"line":25,"column":30}},"20":{"start":{"line":26,"column":8},"end":{"line":27,"column":31}},"21":{"start":{"line":27,"column":12},"end":{"line":27,"column":31}},"22":{"start":{"line":28,"column":8},"end":{"line":30,"column":74}},"23":{"start":{"line":30,"column":33},"end":{"line":30,"column":70}},"24":{"start":{"line":33,"column":0},"end":{"line":33,"column":18}}},"fnMap":{"0":{"name":"(anonymous_0)","decl":{"start":{"line":2,"column":44},"end":{"line":2,"column":45}},"loc":{"start":{"line":2,"column":89},"end":{"line":10,"column":1}},"line":2},"1":{"name":"adopt","decl":{"start":{"line":3,"column":13},"end":{"line":3,"column":18}},"loc":{"start":{"line":3,"column":26},"end":{"line":3,"column":112}},"line":3},"2":{"name":"(anonymous_2)","decl":{"start":{"line":3,"column":70},"end":{"line":3,"column":71}},"loc":{"start":{"line":3,"column":89},"end":{"line":3,"column":108}},"line":3},"3":{"name":"(anonymous_3)","decl":{"start":{"line":4,"column":36},"end":{"line":4,"column":37}},"loc":{"start":{"line":4,"column":63},"end":{"line":9,"column":5}},"line":4},"4":{"name":"fulfilled","decl":{"start":{"line":5,"column":17},"end":{"line":5,"column":26}},"loc":{"start":{"line":5,"column":34},"end":{"line":5,"column":99}},"line":5},"5":{"name":"rejected","decl":{"start":{"line":6,"column":17},"end":{"line":6,"column":25}},"loc":{"start":{"line":6,"column":33},"end":{"line":6,"column":102}},"line":6},"6":{"name":"step","decl":{"start":{"line":7,"column":17},"end":{"line":7,"column":21}},"loc":{"start":{"line":7,"column":30},"end":{"line":7,"column":118}},"line":7},"7":{"name":"dbq","decl":{"start":{"line":22,"column":9},"end":{"line":22,"column":12}},"loc":{"start":{"line":22,"column":58},"end":{"line":32,"column":1}},"line":22},"8":{"name":"(anonymous_8)","decl":{"start":{"line":23,"column":43},"end":{"line":23,"column":44}},"loc":{"start":{"line":23,"column":56},"end":{"line":31,"column":5}},"line":23},"9":{"name":"(anonymous_9)","decl":{"start":{"line":30,"column":18},"end":{"line":30,"column":19}},"loc":{"start":{"line":30,"column":33},"end":{"line":30,"column":70}},"line":30}},"branchMap":{"0":{"loc":{"start":{"line":2,"column":16},"end":{"line":10,"column":1}},"type":"binary-expr","locations":[{"start":{"line":2,"column":17},"end":{"line":2,"column":21}},{"start":{"line":2,"column":25},"end":{"line":2,"column":39}},{"start":{"line":2,"column":44},"end":{"line":10,"column":1}}],"line":2},"1":{"loc":{"start":{"line":3,"column":35},"end":{"line":3,"column":109}},"type":"cond-expr","locations":[{"start":{"line":3,"column":56},"end":{"line":3,"column":61}},{"start":{"line":3,"column":64},"end":{"line":3,"column":109}}],"line":3},"2":{"loc":{"start":{"line":4,"column":16},"end":{"line":4,"column":34}},"type":"binary-expr","locations":[{"start":{"line":4,"column":16},"end":{"line":4,"column":17}},{"start":{"line":4,"column":22},"end":{"line":4,"column":33}}],"line":4},"3":{"loc":{"start":{"line":7,"column":32},"end":{"line":7,"column":115}},"type":"cond-expr","locations":[{"start":{"line":7,"column":46},"end":{"line":7,"column":67}},{"start":{"line":7,"column":70},"end":{"line":7,"column":115}}],"line":7},"4":{"loc":{"start":{"line":8,"column":51},"end":{"line":8,"column":67}},"type":"binary-expr","locations":[{"start":{"line":8,"column":51},"end":{"line":8,"column":61}},{"start":{"line":8,"column":65},"end":{"line":8,"column":67}}],"line":8},"5":{"loc":{"start":{"line":24,"column":8},"end":{"line":25,"column":30}},"type":"if","locations":[{"start":{"line":24,"column":8},"end":{"line":25,"column":30}},{"start":{},"end":{}}],"line":24},"6":{"loc":{"start":{"line":26,"column":8},"end":{"line":27,"column":31}},"type":"if","locations":[{"start":{"line":26,"column":8},"end":{"line":27,"column":31}},{"start":{},"end":{}}],"line":26},"7":{"loc":{"start":{"line":30,"column":33},"end":{"line":30,"column":70}},"type":"cond-expr","locations":[{"start":{"line":30,"column":56},"end":{"line":30,"column":60}},{"start":{"line":30,"column":63},"end":{"line":30,"column":70}}],"line":30}},"s":{"0":2,"1":4,"2":0,"3":4,"4":4,"5":4,"6":0,"7":0,"8":0,"9":0,"10":8,"11":4,"12":2,"13":2,"14":2,"15":2,"16":2,"17":4,"18":4,"19":2,"20":4,"21":2,"22":4,"23":4,"24":2},"f":{"0":4,"1":4,"2":0,"3":4,"4":4,"5":0,"6":8,"7":4,"8":4,"9":4},"b":{"0":[2,2,2],"1":[4,0],"2":[4,4],"3":[4,4],"4":[4,4],"5":[2,2],"6":[2,2],"7":[2,2]},"inputSourceMap":null,"_coverageSchema":"1a1c01bbd47fc00a2c39e90264f33305004495a9","hash":"c375e975f8d148068888dbb6292cdef62179dc4b"}
,"/home/matt/dev/web/ttt/backend/dist/db/sql/users.sql.js": {"path":"/home/matt/dev/web/ttt/backend/dist/db/sql/users.sql.js","statementMap":{"0":{"start":{"line":2,"column":0},"end":{"line":2,"column":62}},"1":{"start":{"line":3,"column":0},"end":{"line":3,"column":58}},"2":{"start":{"line":4,"column":0},"end":{"line":6,"column":2}},"3":{"start":{"line":7,"column":0},"end":{"line":10,"column":2}}},"fnMap":{},"branchMap":{},"s":{"0":2,"1":2,"2":2,"3":2},"f":{},"b":{},"inputSourceMap":null,"_coverageSchema":"1a1c01bbd47fc00a2c39e90264f33305004495a9","hash":"83af608c25f3ad4273316f77ad6808784efacd15"}
}
