TN:
SF:dist/env.js
FN:17,(anonymous_0)
FN:33,(anonymous_1)
FNF:2
FNH:0
FNDA:0,(anonymous_0)
FNDA:0,(anonymous_1)
DA:2,2
DA:3,2
DA:4,2
DA:5,2
DA:6,2
DA:7,2
DA:18,0
DA:34,0
DA:38,2
LF:9
LH:7
BRDA:5,0,0,0
BRDA:5,0,1,2
BRDA:6,1,0,0
BRDA:6,1,1,2
BRDA:10,2,0,2
BRDA:10,2,1,0
BRDA:11,3,0,0
BRDA:11,3,1,2
BRDA:14,4,0,0
BRDA:14,4,1,2
BRDA:15,5,0,0
BRDA:15,5,1,2
BRDA:16,6,0,0
BRDA:16,6,1,2
BRDA:34,7,0,0
BRDA:34,7,1,0
BRDA:39,8,0,0
BRDA:39,8,1,2
BRDA:40,9,0,0
BRDA:40,9,1,2
BRDA:41,10,0,0
BRDA:41,10,1,2
BRDA:42,11,0,0
BRDA:42,11,1,2
BRDA:43,12,0,0
BRDA:43,12,1,2
BRDA:44,13,0,0
BRDA:44,13,1,2
BRDA:45,14,0,0
BRDA:45,14,1,2
BRDA:46,15,0,0
BRDA:46,15,1,0
BRDA:50,16,0,0
BRDA:50,16,1,2
BRDA:50,17,0,0
BRDA:50,17,1,0
BRF:36
BRH:15
end_of_record
TN:
SF:dist/db/db.js
FN:2,(anonymous_0)
FN:3,adopt
FN:3,(anonymous_2)
FN:4,(anonymous_3)
FN:5,fulfilled
FN:6,rejected
FN:7,step
FN:22,dbq
FN:23,(anonymous_8)
FN:30,(anonymous_9)
FNF:10
FNH:8
FNDA:4,(anonymous_0)
FNDA:4,adopt
FNDA:0,(anonymous_2)
FNDA:4,(anonymous_3)
FNDA:4,fulfilled
FNDA:0,rejected
FNDA:8,step
FNDA:4,dbq
FNDA:4,(anonymous_8)
FNDA:4,(anonymous_9)
DA:2,2
DA:3,4
DA:4,4
DA:5,4
DA:6,0
DA:7,8
DA:8,4
DA:11,2
DA:12,2
DA:13,2
DA:14,2
DA:15,2
DA:23,4
DA:24,4
DA:25,2
DA:26,4
DA:27,2
DA:28,4
DA:30,4
DA:33,2
LF:20
LH:19
BRDA:2,0,0,2
BRDA:2,0,1,2
BRDA:2,0,2,2
BRDA:3,1,0,4
BRDA:3,1,1,0
BRDA:4,2,0,4
BRDA:4,2,1,4
BRDA:7,3,0,4
BRDA:7,3,1,4
BRDA:8,4,0,4
BRDA:8,4,1,4
BRDA:24,5,0,2
BRDA:24,5,1,2
BRDA:26,6,0,2
BRDA:26,6,1,2
BRDA:30,7,0,2
BRDA:30,7,1,2
BRF:17
BRH:16
end_of_record
TN:
SF:dist/db/sql/users.sql.js
FNF:0
FNH:0
DA:2,2
DA:3,2
DA:4,2
DA:7,2
LF:4
LH:4
BRF:0
BRH:0
end_of_record
